<?xml version="1.0" encoding="UTF-8"?>
<!-- Generated by org.testng.reporters.JUnitXMLReporter -->
<testsuite ignored="0" hostname="Neeta-Toronto" failures="1" tests="4" name="Test" time="0.13" errors="0" timestamp="2023-12-29T00:02:50 EST">
  <testcase classname="testLayer.Parent" name="test1" time="0.026">
    <failure type="java.lang.AssertionError" message="expected [rout] but found [neeta]">
      <![CDATA[java.lang.AssertionError: expected [rout] but found [neeta]
at testLayer.Parent.test1(Parent.java:14)
at java.base/java.util.ArrayList.forEach(ArrayList.java:1511)
... Removed 31 stack frames]]>
    </failure>
  </testcase> <!-- test1 -->
  <testcase classname="testLayer.Parent" name="test2" time="0.002"/>
  <testcase classname="testLayer.Parent" name="test3" time="0.003"/>
  <testcase classname="testLayer.Parent" name="test4" time="0.013"/>
</testsuite> <!-- Test -->
