<?xml version="1.0" encoding="UTF-8"?>
<!-- Generated by org.testng.reporters.JUnitXMLReporter -->
<testsuite ignored="0" hostname="Neeta-Toronto" failures="0" tests="5" name="Default test" time="0.081" errors="0" timestamp="2023-12-28T23:02:50 EST">
  <testcase classname="testLayer.Parent" name="test1" time="0.021"/>
  <testcase classname="testLayer.Parent" name="test4" time="0.002"/>
  <testcase classname="testLayer.Parent" name="test4" time="0.001"/>
  <testcase classname="testLayer.Parent" name="test4" time="0.001"/>
  <testcase classname="testLayer.Parent" name="test3" time="0.001"/>
</testsuite> <!-- Default test -->
